<?xml version="1.0" encoding="UTF-8"?>
<!-- Generated by org.testng.reporters.JUnitXMLReporter -->
<testsuite ignored="0" hostname="DESKTOP-VREMQ8B" failures="0" tests="5" name="Default test" time="32.399" errors="0" timestamp="2024-09-11T11:47:03 IST">
  <testcase classname="ExecutingPack.ExecutingClass" name="valid" time="9.399"/>
  <testcase classname="ExecutingPack.ExecutingClass" name="Invalid1" time="4.862"/>
  <testcase classname="ExecutingPack.ExecutingClass" name="Invalid2" time="4.006"/>
  <testcase classname="ExecutingPack.ExecutingClass" name="Invalid3" time="2.262"/>
  <testcase classname="ExecutingPack.ExecutingClass" name="Invalid4" time="1.662"/>
</testsuite> <!-- Default test -->
