<?xml version="1.0" encoding="UTF-8"?>
<!-- Generated by org.testng.reporters.JUnitXMLReporter -->
<testsuite ignored="0" hostname="DESKTOP-VREMQ8B" failures="0" tests="4" name="Default test" time="27.751" errors="0" timestamp="2024-09-09T18:07:40 IST">
  <testcase classname="ExecutingPack.ExecutingClass" name="valid" time="9.964"/>
  <testcase classname="ExecutingPack.ExecutingClass" name="Invalid1" time="4.121"/>
  <testcase classname="ExecutingPack.ExecutingClass" name="Invalid2" time="3.822"/>
  <testcase classname="ExecutingPack.ExecutingClass" name="Invalid3" time="4.885"/>
</testsuite> <!-- Default test -->
