<?xml version="1.0" encoding="UTF-8"?>
<testng-results ignored="0" total="5" passed="5" failed="0" skipped="0">
  <reporter-output>
  </reporter-output>
  <suite started-at="2024-09-10T09:55:12 IST" name="Default suite" finished-at="2024-09-10T09:55:40 IST" duration-ms="27951">
    <groups>
    </groups>
    <test started-at="2024-09-10T09:55:12 IST" name="Default test" finished-at="2024-09-10T09:55:40 IST" duration-ms="27951">
      <class name="ExecutingPack.ExecutingClass">
        <test-method is-config="true" signature="beforeMethod()[pri:0, instance:ExecutingPack.ExecutingClass@5f058f00]" started-at="2024-09-10T09:55:13 IST" name="beforeMethod" finished-at="2024-09-10T09:55:14 IST" duration-ms="1428" status="PASS">
          <reporter-output>
          </reporter-output>
        </test-method> <!-- beforeMethod -->
        <test-method signature="valid()[pri:1, instance:ExecutingPack.ExecutingClass@5f058f00]" started-at="2024-09-10T09:55:14 IST" name="valid" finished-at="2024-09-10T09:55:24 IST" duration-ms="10401" status="PASS">
          <reporter-output>
          </reporter-output>
        </test-method> <!-- valid -->
        <test-method is-config="true" signature="afterMethod()[pri:0, instance:ExecutingPack.ExecutingClass@5f058f00]" started-at="2024-09-10T09:55:24 IST" name="afterMethod" finished-at="2024-09-10T09:55:24 IST" duration-ms="0" status="PASS">
          <reporter-output>
          </reporter-output>
        </test-method> <!-- afterMethod -->
        <test-method is-config="true" signature="beforeMethod()[pri:0, instance:ExecutingPack.ExecutingClass@5f058f00]" started-at="2024-09-10T09:55:24 IST" name="beforeMethod" finished-at="2024-09-10T09:55:25 IST" duration-ms="1046" status="PASS">
          <reporter-output>
          </reporter-output>
        </test-method> <!-- beforeMethod -->
        <test-method signature="Invalid1()[pri:2, instance:ExecutingPack.ExecutingClass@5f058f00]" started-at="2024-09-10T09:55:25 IST" name="Invalid1" finished-at="2024-09-10T09:55:30 IST" duration-ms="4200" status="PASS">
          <reporter-output>
          </reporter-output>
        </test-method> <!-- Invalid1 -->
        <test-method is-config="true" signature="beforeMethod()[pri:0, instance:ExecutingPack.ExecutingClass@5f058f00]" started-at="2024-09-10T09:55:30 IST" name="beforeMethod" finished-at="2024-09-10T09:55:31 IST" duration-ms="1015" status="PASS">
          <reporter-output>
          </reporter-output>
        </test-method> <!-- beforeMethod -->
        <test-method is-config="true" signature="afterMethod()[pri:0, instance:ExecutingPack.ExecutingClass@5f058f00]" started-at="2024-09-10T09:55:30 IST" name="afterMethod" finished-at="2024-09-10T09:55:30 IST" duration-ms="0" status="PASS">
          <reporter-output>
          </reporter-output>
        </test-method> <!-- afterMethod -->
        <test-method signature="Invalid2()[pri:3, instance:ExecutingPack.ExecutingClass@5f058f00]" started-at="2024-09-10T09:55:31 IST" name="Invalid2" finished-at="2024-09-10T09:55:34 IST" duration-ms="3693" status="PASS">
          <reporter-output>
          </reporter-output>
        </test-method> <!-- Invalid2 -->
        <test-method is-config="true" signature="afterMethod()[pri:0, instance:ExecutingPack.ExecutingClass@5f058f00]" started-at="2024-09-10T09:55:34 IST" name="afterMethod" finished-at="2024-09-10T09:55:34 IST" duration-ms="0" status="PASS">
          <reporter-output>
          </reporter-output>
        </test-method> <!-- afterMethod -->
        <test-method is-config="true" signature="beforeMethod()[pri:0, instance:ExecutingPack.ExecutingClass@5f058f00]" started-at="2024-09-10T09:55:34 IST" name="beforeMethod" finished-at="2024-09-10T09:55:35 IST" duration-ms="1072" status="PASS">
          <reporter-output>
          </reporter-output>
        </test-method> <!-- beforeMethod -->
        <test-method signature="Invalid3()[pri:4, instance:ExecutingPack.ExecutingClass@5f058f00]" started-at="2024-09-10T09:55:35 IST" name="Invalid3" finished-at="2024-09-10T09:55:38 IST" duration-ms="2774" status="PASS">
          <reporter-output>
          </reporter-output>
        </test-method> <!-- Invalid3 -->
        <test-method is-config="true" signature="afterMethod()[pri:0, instance:ExecutingPack.ExecutingClass@5f058f00]" started-at="2024-09-10T09:55:38 IST" name="afterMethod" finished-at="2024-09-10T09:55:38 IST" duration-ms="0" status="PASS">
          <reporter-output>
          </reporter-output>
        </test-method> <!-- afterMethod -->
        <test-method is-config="true" signature="beforeMethod()[pri:0, instance:ExecutingPack.ExecutingClass@5f058f00]" started-at="2024-09-10T09:55:38 IST" name="beforeMethod" finished-at="2024-09-10T09:55:39 IST" duration-ms="1075" status="PASS">
          <reporter-output>
          </reporter-output>
        </test-method> <!-- beforeMethod -->
        <test-method signature="Invalid4()[pri:5, instance:ExecutingPack.ExecutingClass@5f058f00]" started-at="2024-09-10T09:55:39 IST" name="Invalid4" finished-at="2024-09-10T09:55:40 IST" duration-ms="1190" status="PASS">
          <reporter-output>
          </reporter-output>
        </test-method> <!-- Invalid4 -->
        <test-method is-config="true" signature="afterMethod()[pri:0, instance:ExecutingPack.ExecutingClass@5f058f00]" started-at="2024-09-10T09:55:40 IST" name="afterMethod" finished-at="2024-09-10T09:55:40 IST" duration-ms="0" status="PASS">
          <reporter-output>
          </reporter-output>
        </test-method> <!-- afterMethod -->
      </class> <!-- ExecutingPack.ExecutingClass -->
    </test> <!-- Default test -->
  </suite> <!-- Default suite -->
</testng-results>
