<?xml version="1.0" encoding="UTF-8"?>
<testng-results ignored="0" total="4" passed="4" failed="0" skipped="0">
  <reporter-output>
  </reporter-output>
  <suite started-at="2024-09-09T18:07:12 IST" name="Default suite" finished-at="2024-09-09T18:07:40 IST" duration-ms="27751">
    <groups>
    </groups>
    <test started-at="2024-09-09T18:07:12 IST" name="Default test" finished-at="2024-09-09T18:07:40 IST" duration-ms="27751">
      <class name="ExecutingPack.ExecutingClass">
        <test-method is-config="true" signature="beforeMethod()[pri:0, instance:ExecutingPack.ExecutingClass@55b7a4e0]" started-at="2024-09-09T18:07:12 IST" name="beforeMethod" finished-at="2024-09-09T18:07:14 IST" duration-ms="1522" status="PASS">
          <reporter-output>
          </reporter-output>
        </test-method> <!-- beforeMethod -->
        <test-method signature="valid()[pri:1, instance:ExecutingPack.ExecutingClass@55b7a4e0]" started-at="2024-09-09T18:07:14 IST" name="valid" finished-at="2024-09-09T18:07:24 IST" duration-ms="9964" status="PASS">
          <reporter-output>
          </reporter-output>
        </test-method> <!-- valid -->
        <test-method is-config="true" signature="beforeMethod()[pri:0, instance:ExecutingPack.ExecutingClass@55b7a4e0]" started-at="2024-09-09T18:07:24 IST" name="beforeMethod" finished-at="2024-09-09T18:07:25 IST" duration-ms="1072" status="PASS">
          <reporter-output>
          </reporter-output>
        </test-method> <!-- beforeMethod -->
        <test-method is-config="true" signature="afterMethod()[pri:0, instance:ExecutingPack.ExecutingClass@55b7a4e0]" started-at="2024-09-09T18:07:24 IST" name="afterMethod" finished-at="2024-09-09T18:07:24 IST" duration-ms="0" status="PASS">
          <reporter-output>
          </reporter-output>
        </test-method> <!-- afterMethod -->
        <test-method signature="Invalid1()[pri:2, instance:ExecutingPack.ExecutingClass@55b7a4e0]" started-at="2024-09-09T18:07:25 IST" name="Invalid1" finished-at="2024-09-09T18:07:29 IST" duration-ms="4121" status="PASS">
          <reporter-output>
          </reporter-output>
        </test-method> <!-- Invalid1 -->
        <test-method is-config="true" signature="afterMethod()[pri:0, instance:ExecutingPack.ExecutingClass@55b7a4e0]" started-at="2024-09-09T18:07:29 IST" name="afterMethod" finished-at="2024-09-09T18:07:29 IST" duration-ms="1" status="PASS">
          <reporter-output>
          </reporter-output>
        </test-method> <!-- afterMethod -->
        <test-method is-config="true" signature="beforeMethod()[pri:0, instance:ExecutingPack.ExecutingClass@55b7a4e0]" started-at="2024-09-09T18:07:29 IST" name="beforeMethod" finished-at="2024-09-09T18:07:30 IST" duration-ms="1097" status="PASS">
          <reporter-output>
          </reporter-output>
        </test-method> <!-- beforeMethod -->
        <test-method signature="Invalid2()[pri:3, instance:ExecutingPack.ExecutingClass@55b7a4e0]" started-at="2024-09-09T18:07:30 IST" name="Invalid2" finished-at="2024-09-09T18:07:34 IST" duration-ms="3822" status="PASS">
          <reporter-output>
          </reporter-output>
        </test-method> <!-- Invalid2 -->
        <test-method is-config="true" signature="afterMethod()[pri:0, instance:ExecutingPack.ExecutingClass@55b7a4e0]" started-at="2024-09-09T18:07:34 IST" name="afterMethod" finished-at="2024-09-09T18:07:34 IST" duration-ms="0" status="PASS">
          <reporter-output>
          </reporter-output>
        </test-method> <!-- afterMethod -->
        <test-method is-config="true" signature="beforeMethod()[pri:0, instance:ExecutingPack.ExecutingClass@55b7a4e0]" started-at="2024-09-09T18:07:34 IST" name="beforeMethod" finished-at="2024-09-09T18:07:35 IST" duration-ms="1208" status="PASS">
          <reporter-output>
          </reporter-output>
        </test-method> <!-- beforeMethod -->
        <test-method signature="Invalid3()[pri:3, instance:ExecutingPack.ExecutingClass@55b7a4e0]" started-at="2024-09-09T18:07:35 IST" name="Invalid3" finished-at="2024-09-09T18:07:40 IST" duration-ms="4885" status="PASS">
          <reporter-output>
          </reporter-output>
        </test-method> <!-- Invalid3 -->
        <test-method is-config="true" signature="afterMethod()[pri:0, instance:ExecutingPack.ExecutingClass@55b7a4e0]" started-at="2024-09-09T18:07:40 IST" name="afterMethod" finished-at="2024-09-09T18:07:40 IST" duration-ms="0" status="PASS">
          <reporter-output>
          </reporter-output>
        </test-method> <!-- afterMethod -->
      </class> <!-- ExecutingPack.ExecutingClass -->
    </test> <!-- Default test -->
  </suite> <!-- Default suite -->
</testng-results>
